
rio: system execution failed.
Following is the set of recorded exceptions:

-------------------------------------------------------------------------------
Class / Object      Routine                Nature of exception           Effect
-------------------------------------------------------------------------------
TYPE                default @2                                          
<00000000047041D8>                         Assertion violated.           Fail
-------------------------------------------------------------------------------
TYPE                default @2                                          
<00000000047041D8>                         Routine failure.              Fail
-------------------------------------------------------------------------------
ARRAY               grow @3                                             
<0000000003AD1EA8>                         Routine failure.              Fail
-------------------------------------------------------------------------------
TEST_ERROR_TYPE     add_to_list @3                                      
<0000000003AD0608>                         Routine failure.              Fail
-------------------------------------------------------------------------------
TEST_ERROR_TYPE     make @3                                             
<0000000003AD0608>                         Routine failure.              Fail
-------------------------------------------------------------------------------
APPLICATION         make @1                                             
<0000000003AD05A8>                         Routine failure.              Fail
-------------------------------------------------------------------------------
APPLICATION         root's creation                                     
<0000000003AD05A8>                         Routine failure.              Exit
-------------------------------------------------------------------------------

rio: system execution failed.
Following is the set of recorded exceptions:

-------------------------------------------------------------------------------
Class / Object      Routine                Nature of exception           Effect
-------------------------------------------------------------------------------
TYPE                default @2                                          
<00000000046241D8>                         Assertion violated.           Fail
-------------------------------------------------------------------------------
TYPE                default @2                                          
<00000000046241D8>                         Routine failure.              Fail
-------------------------------------------------------------------------------
ARRAY               grow @3                                             
<00000000039F68E8>                         Routine failure.              Fail
-------------------------------------------------------------------------------
EXECUTE             init_context_list @2                                
<00000000039F0608>                         Routine failure.              Fail
-------------------------------------------------------------------------------
EXECUTE             obtain_data @1                                      
<00000000039F0608>                         Routine failure.              Fail
-------------------------------------------------------------------------------
EXECUTE             parse_file @3                                       
<00000000039F0608>                         Routine failure.              Fail
-------------------------------------------------------------------------------
EXECUTE             read_file @4                                        
<00000000039F0608>                         Routine failure.              Fail
-------------------------------------------------------------------------------
EXECUTE             make @2                                             
<00000000039F0608>                         Routine failure.              Fail
-------------------------------------------------------------------------------
APPLICATION         make @1                                             
<00000000039F05A8>                         Routine failure.              Fail
-------------------------------------------------------------------------------
APPLICATION         root's creation                                     
<00000000039F05A8>                         Routine failure.              Exit
-------------------------------------------------------------------------------

rio: system execution failed.
Following is the set of recorded exceptions:

-------------------------------------------------------------------------------
Class / Object      Routine                Nature of exception           Effect
-------------------------------------------------------------------------------
TYPE                default @2                                          
<00000000047341D8>                         Assertion violated.           Fail
-------------------------------------------------------------------------------
TYPE                default @2                                          
<00000000047341D8>                         Routine failure.              Fail
-------------------------------------------------------------------------------
ARRAY               grow @3                                             
<0000000003B068E8>                         Routine failure.              Fail
-------------------------------------------------------------------------------
EXECUTE             init_context_list @2                                
<0000000003B00608>                         Routine failure.              Fail
-------------------------------------------------------------------------------
EXECUTE             obtain_data @1                                      
<0000000003B00608>                         Routine failure.              Fail
-------------------------------------------------------------------------------
EXECUTE             parse_file @3                                       
<0000000003B00608>                         Routine failure.              Fail
-------------------------------------------------------------------------------
EXECUTE             read_file @4                                        
<0000000003B00608>                         Routine failure.              Fail
-------------------------------------------------------------------------------
EXECUTE             make @2                                             
<0000000003B00608>                         Routine failure.              Fail
-------------------------------------------------------------------------------
APPLICATION         make @1                                             
<0000000003B005A8>                         Routine failure.              Fail
-------------------------------------------------------------------------------
APPLICATION         root's creation                                     
<0000000003B005A8>                         Routine failure.              Exit
-------------------------------------------------------------------------------

rio: system execution failed.
Following is the set of recorded exceptions:

-------------------------------------------------------------------------------
Class / Object      Routine                Nature of exception           Effect
-------------------------------------------------------------------------------
TYPE                default @2                                          
<00000000046141D8>                         Assertion violated.           Fail
-------------------------------------------------------------------------------
TYPE                default @2                                          
<00000000046141D8>                         Routine failure.              Fail
-------------------------------------------------------------------------------
ARRAY               grow @3                                             
<00000000039E68E8>                         Routine failure.              Fail
-------------------------------------------------------------------------------
EXECUTE             init_context_list @2                                
<00000000039E0608>                         Routine failure.              Fail
-------------------------------------------------------------------------------
EXECUTE             obtain_data @1                                      
<00000000039E0608>                         Routine failure.              Fail
-------------------------------------------------------------------------------
EXECUTE             parse_file @3                                       
<00000000039E0608>                         Routine failure.              Fail
-------------------------------------------------------------------------------
EXECUTE             read_file @4                                        
<00000000039E0608>                         Routine failure.              Fail
-------------------------------------------------------------------------------
EXECUTE             make @2                                             
<00000000039E0608>                         Routine failure.              Fail
-------------------------------------------------------------------------------
APPLICATION         make @1                                             
<00000000039E05A8>                         Routine failure.              Fail
-------------------------------------------------------------------------------
APPLICATION         root's creation                                     
<00000000039E05A8>                         Routine failure.              Exit
-------------------------------------------------------------------------------

rio: system execution failed.
Following is the set of recorded exceptions:

-------------------------------------------------------------------------------
Class / Object      Routine                Nature of exception           Effect
-------------------------------------------------------------------------------
TYPE                default @2                                          
<00000000046C41D8>                         Assertion violated.           Fail
-------------------------------------------------------------------------------
TYPE                default @2                                          
<00000000046C41D8>                         Routine failure.              Fail
-------------------------------------------------------------------------------
ARRAY               grow @3                                             
<0000000003A968E8>                         Routine failure.              Fail
-------------------------------------------------------------------------------
EXECUTE             init_context_list @2                                
<0000000003A90608>                         Routine failure.              Fail
-------------------------------------------------------------------------------
EXECUTE             obtain_data @1                                      
<0000000003A90608>                         Routine failure.              Fail
-------------------------------------------------------------------------------
EXECUTE             parse_file @3                                       
<0000000003A90608>                         Routine failure.              Fail
-------------------------------------------------------------------------------
EXECUTE             read_file @4                                        
<0000000003A90608>                         Routine failure.              Fail
-------------------------------------------------------------------------------
EXECUTE             make @2                                             
<0000000003A90608>                         Routine failure.              Fail
-------------------------------------------------------------------------------
APPLICATION         make @1                                             
<0000000003A905A8>                         Routine failure.              Fail
-------------------------------------------------------------------------------
APPLICATION         root's creation                                     
<0000000003A905A8>                         Routine failure.              Exit
-------------------------------------------------------------------------------

rio: system execution failed.
Following is the set of recorded exceptions:

-------------------------------------------------------------------------------
Class / Object      Routine                Nature of exception           Effect
-------------------------------------------------------------------------------
TYPE                default @2                                          
<00000000046041D8>                         Assertion violated.           Fail
-------------------------------------------------------------------------------
TYPE                default @2                                          
<00000000046041D8>                         Routine failure.              Fail
-------------------------------------------------------------------------------
ARRAY               grow @3                                             
<00000000039D64E8>                         Routine failure.              Fail
-------------------------------------------------------------------------------
EXECUTE             init_context_list @2                                
<00000000039D0608>                         Routine failure.              Fail
-------------------------------------------------------------------------------
EXECUTE             obtain_data @1                                      
<00000000039D0608>                         Routine failure.              Fail
-------------------------------------------------------------------------------
EXECUTE             parse_file @3                                       
<00000000039D0608>                         Routine failure.              Fail
-------------------------------------------------------------------------------
EXECUTE             read_file @4                                        
<00000000039D0608>                         Routine failure.              Fail
-------------------------------------------------------------------------------
EXECUTE             make @2                                             
<00000000039D0608>                         Routine failure.              Fail
-------------------------------------------------------------------------------
APPLICATION         make @1                                             
<00000000039D05A8>                         Routine failure.              Fail
-------------------------------------------------------------------------------
APPLICATION         root's creation                                     
<00000000039D05A8>                         Routine failure.              Exit
-------------------------------------------------------------------------------

rio: system execution failed.
Following is the set of recorded exceptions:

-------------------------------------------------------------------------------
Class / Object      Routine                Nature of exception           Effect
-------------------------------------------------------------------------------
TYPE                default @2                                          
<00000000046A41D8>                         Assertion violated.           Fail
-------------------------------------------------------------------------------
TYPE                default @2                                          
<00000000046A41D8>                         Routine failure.              Fail
-------------------------------------------------------------------------------
ARRAY               grow @3                                             
<0000000003A764E8>                         Routine failure.              Fail
-------------------------------------------------------------------------------
EXECUTE             init_context_list @2                                
<0000000003A70608>                         Routine failure.              Fail
-------------------------------------------------------------------------------
EXECUTE             obtain_data @1                                      
<0000000003A70608>                         Routine failure.              Fail
-------------------------------------------------------------------------------
EXECUTE             parse_file @3                                       
<0000000003A70608>                         Routine failure.              Fail
-------------------------------------------------------------------------------
EXECUTE             read_file @4                                        
<0000000003A70608>                         Routine failure.              Fail
-------------------------------------------------------------------------------
EXECUTE             make @2                                             
<0000000003A70608>                         Routine failure.              Fail
-------------------------------------------------------------------------------
APPLICATION         make @1                                             
<0000000003A705A8>                         Routine failure.              Fail
-------------------------------------------------------------------------------
APPLICATION         root's creation                                     
<0000000003A705A8>                         Routine failure.              Exit
-------------------------------------------------------------------------------

rio: system execution failed.
Following is the set of recorded exceptions:

-------------------------------------------------------------------------------
Class / Object      Routine                Nature of exception           Effect
-------------------------------------------------------------------------------
EXECUTE             obtain_data @4                                      
<0000000003E21DC8>                         Loop invariant violated.      Fail
-------------------------------------------------------------------------------
EXECUTE             obtain_data @4                                      
<0000000003E21DC8>                         Routine failure.              Fail
-------------------------------------------------------------------------------
EXECUTE             parse_file @3                                       
<0000000003E21DC8>                         Routine failure.              Fail
-------------------------------------------------------------------------------
EXECUTE             read_file @4                                        
<0000000003E21DC8>                         Routine failure.              Fail
-------------------------------------------------------------------------------
EXECUTE             make @2                                             
<0000000003E21DC8>                         Routine failure.              Fail
-------------------------------------------------------------------------------
APPLICATION         make @1                                             
<0000000003E20098>                         Routine failure.              Fail
-------------------------------------------------------------------------------
APPLICATION         root's creation                                     
<0000000003E20098>                         Routine failure.              Exit
-------------------------------------------------------------------------------

rio: system execution failed.
Following is the set of recorded exceptions:

-------------------------------------------------------------------------------
Class / Object      Routine                Nature of exception           Effect
-------------------------------------------------------------------------------
EXECUTE             obtain_data @4                                      
<0000000003920608>                         Loop invariant violated.      Fail
-------------------------------------------------------------------------------
EXECUTE             obtain_data @4                                      
<0000000003920608>                         Routine failure.              Fail
-------------------------------------------------------------------------------
EXECUTE             parse_file @3                                       
<0000000003920608>                         Routine failure.              Fail
-------------------------------------------------------------------------------
EXECUTE             read_file @4                                        
<0000000003920608>                         Routine failure.              Fail
-------------------------------------------------------------------------------
EXECUTE             make @2                                             
<0000000003920608>                         Routine failure.              Fail
-------------------------------------------------------------------------------
APPLICATION         make @1                                             
<00000000039205A8>                         Routine failure.              Fail
-------------------------------------------------------------------------------
APPLICATION         root's creation                                     
<00000000039205A8>                         Routine failure.              Exit
-------------------------------------------------------------------------------

rio: system execution failed.
Following is the set of recorded exceptions:

-------------------------------------------------------------------------------
Class / Object      Routine                Nature of exception           Effect
-------------------------------------------------------------------------------
EXECUTE             obtain_data @4                                      
<0000000003AE0608>                         Loop invariant violated.      Fail
-------------------------------------------------------------------------------
EXECUTE             obtain_data @4                                      
<0000000003AE0608>                         Routine failure.              Fail
-------------------------------------------------------------------------------
EXECUTE             parse_file @3                                       
<0000000003AE0608>                         Routine failure.              Fail
-------------------------------------------------------------------------------
EXECUTE             read_file @4                                        
<0000000003AE0608>                         Routine failure.              Fail
-------------------------------------------------------------------------------
EXECUTE             make @2                                             
<0000000003AE0608>                         Routine failure.              Fail
-------------------------------------------------------------------------------
APPLICATION         make @1                                             
<0000000003AE05A8>                         Routine failure.              Fail
-------------------------------------------------------------------------------
APPLICATION         root's creation                                     
<0000000003AE05A8>                         Routine failure.              Exit
-------------------------------------------------------------------------------

rio: system execution failed.
Following is the set of recorded exceptions:

-------------------------------------------------------------------------------
Class / Object      Routine                Nature of exception           Effect
-------------------------------------------------------------------------------
EXECUTE             obtain_data @4                                      
<0000000003970608>                         Loop invariant violated.      Fail
-------------------------------------------------------------------------------
EXECUTE             obtain_data @4                                      
<0000000003970608>                         Routine failure.              Fail
-------------------------------------------------------------------------------
EXECUTE             parse_file @3                                       
<0000000003970608>                         Routine failure.              Fail
-------------------------------------------------------------------------------
EXECUTE             read_file @4                                        
<0000000003970608>                         Routine failure.              Fail
-------------------------------------------------------------------------------
EXECUTE             make @2                                             
<0000000003970608>                         Routine failure.              Fail
-------------------------------------------------------------------------------
APPLICATION         make @1                                             
<00000000039705A8>                         Routine failure.              Fail
-------------------------------------------------------------------------------
APPLICATION         root's creation                                     
<00000000039705A8>                         Routine failure.              Exit
-------------------------------------------------------------------------------

rio: system execution failed.
Following is the set of recorded exceptions:

-------------------------------------------------------------------------------
Class / Object      Routine                Nature of exception           Effect
-------------------------------------------------------------------------------
EXECUTE             obtain_data @4                                      
<0000000003AA0608>                         Loop invariant violated.      Fail
-------------------------------------------------------------------------------
EXECUTE             obtain_data @4                                      
<0000000003AA0608>                         Routine failure.              Fail
-------------------------------------------------------------------------------
EXECUTE             parse_file @3                                       
<0000000003AA0608>                         Routine failure.              Fail
-------------------------------------------------------------------------------
EXECUTE             read_file @4                                        
<0000000003AA0608>                         Routine failure.              Fail
-------------------------------------------------------------------------------
EXECUTE             make @2                                             
<0000000003AA0608>                         Routine failure.              Fail
-------------------------------------------------------------------------------
APPLICATION         make @1                                             
<0000000003AA05A8>                         Routine failure.              Fail
-------------------------------------------------------------------------------
APPLICATION         root's creation                                     
<0000000003AA05A8>                         Routine failure.              Exit
-------------------------------------------------------------------------------

rio: system execution failed.
Following is the set of recorded exceptions:

-------------------------------------------------------------------------------
Class / Object      Routine                Nature of exception           Effect
-------------------------------------------------------------------------------
EXECUTE             obtain_data @4                                      
<0000000003930608>                         Loop invariant violated.      Fail
-------------------------------------------------------------------------------
EXECUTE             obtain_data @4                                      
<0000000003930608>                         Routine failure.              Fail
-------------------------------------------------------------------------------
EXECUTE             parse_file @3                                       
<0000000003930608>                         Routine failure.              Fail
-------------------------------------------------------------------------------
EXECUTE             read_file @4                                        
<0000000003930608>                         Routine failure.              Fail
-------------------------------------------------------------------------------
EXECUTE             make @2                                             
<0000000003930608>                         Routine failure.              Fail
-------------------------------------------------------------------------------
APPLICATION         make @1                                             
<00000000039305A8>                         Routine failure.              Fail
-------------------------------------------------------------------------------
APPLICATION         root's creation                                     
<00000000039305A8>                         Routine failure.              Exit
-------------------------------------------------------------------------------

rio: system execution failed.
Following is the set of recorded exceptions:

-------------------------------------------------------------------------------
Class / Object      Routine                Nature of exception           Effect
-------------------------------------------------------------------------------
EXECUTE             obtain_data @4                                      
<0000000003B50608>                         Loop invariant violated.      Fail
-------------------------------------------------------------------------------
EXECUTE             obtain_data @4                                      
<0000000003B50608>                         Routine failure.              Fail
-------------------------------------------------------------------------------
EXECUTE             parse_file @3                                       
<0000000003B50608>                         Routine failure.              Fail
-------------------------------------------------------------------------------
EXECUTE             read_file @4                                        
<0000000003B50608>                         Routine failure.              Fail
-------------------------------------------------------------------------------
EXECUTE             make @2                                             
<0000000003B50608>                         Routine failure.              Fail
-------------------------------------------------------------------------------
APPLICATION         make @1                                             
<0000000003B505A8>                         Routine failure.              Fail
-------------------------------------------------------------------------------
APPLICATION         root's creation                                     
<0000000003B505A8>                         Routine failure.              Exit
-------------------------------------------------------------------------------

rio: system execution failed.
Following is the set of recorded exceptions:

-------------------------------------------------------------------------------
Class / Object      Routine                Nature of exception           Effect
-------------------------------------------------------------------------------
EXECUTE             obtain_data @5                                      
<0000000003C50608>                         Non-decreasing loop variant or negative value reached.
                                                                         Fail
-------------------------------------------------------------------------------
EXECUTE             obtain_data @5                                      
<0000000003C50608>                         Routine failure.              Fail
-------------------------------------------------------------------------------
EXECUTE             parse_file @3                                       
<0000000003C50608>                         Routine failure.              Fail
-------------------------------------------------------------------------------
EXECUTE             read_file @4                                        
<0000000003C50608>                         Routine failure.              Fail
-------------------------------------------------------------------------------
EXECUTE             make @2                                             
<0000000003C50608>                         Routine failure.              Fail
-------------------------------------------------------------------------------
APPLICATION         make @1                                             
<0000000003C505A8>                         Routine failure.              Fail
-------------------------------------------------------------------------------
APPLICATION         root's creation                                     
<0000000003C505A8>                         Routine failure.              Exit
-------------------------------------------------------------------------------

rio: system execution failed.
Following is the set of recorded exceptions:

-------------------------------------------------------------------------------
Class / Object      Routine                Nature of exception           Effect
-------------------------------------------------------------------------------
TWR_CALCULATION     compounded_twr @2                                   
<0000000003DA5C68>                         Postcondition violated.       Fail
-------------------------------------------------------------------------------
TWR_CALCULATION     compounded_twr @2                                   
<0000000003DA5C68>                         Routine failure.              Fail
-------------------------------------------------------------------------------
TWR_CALCULATION     anual_compounded_twr @2
<0000000003DA5C68>                         Routine failure.              Fail
-------------------------------------------------------------------------------
EXECUTE             calculate_twr @3                                    
<0000000004D71EF8>                         Routine failure.              Fail
-------------------------------------------------------------------------------
EXECUTE             calculation_output @1                               
<0000000004D71EF8>                         Routine failure.              Fail
-------------------------------------------------------------------------------
EXECUTE             make @3                                             
<0000000004D71EF8>                         Routine failure.              Fail
-------------------------------------------------------------------------------
APPLICATION         make @1                                             
<0000000004A6F338>                         Routine failure.              Fail
-------------------------------------------------------------------------------
APPLICATION         root's creation                                     
<0000000004A6F338>                         Routine failure.              Exit
-------------------------------------------------------------------------------

rio: system execution failed.
Following is the set of recorded exceptions:

-------------------------------------------------------------------------------
Class / Object      Routine                Nature of exception           Effect
-------------------------------------------------------------------------------
TWR_CALCULATION     compounded_twr @2                                   
<0000000003CC5C68>                         Postcondition violated.       Fail
-------------------------------------------------------------------------------
TWR_CALCULATION     compounded_twr @2                                   
<0000000003CC5C68>                         Routine failure.              Fail
-------------------------------------------------------------------------------
TWR_CALCULATION     anual_compounded_twr @2
<0000000003CC5C68>                         Routine failure.              Fail
-------------------------------------------------------------------------------
EXECUTE             calculate_twr @3                                    
<0000000004C91EF8>                         Routine failure.              Fail
-------------------------------------------------------------------------------
EXECUTE             calculation_output @1                               
<0000000004C91EF8>                         Routine failure.              Fail
-------------------------------------------------------------------------------
EXECUTE             make @3                                             
<0000000004C91EF8>                         Routine failure.              Fail
-------------------------------------------------------------------------------
APPLICATION         make @1                                             
<000000000498F338>                         Routine failure.              Fail
-------------------------------------------------------------------------------
APPLICATION         root's creation                                     
<000000000498F338>                         Routine failure.              Exit
-------------------------------------------------------------------------------

rio: system execution failed.
Following is the set of recorded exceptions:

-------------------------------------------------------------------------------
Class / Object      Routine                Nature of exception           Effect
-------------------------------------------------------------------------------
TWR_CALCULATION     compounded_twr @2                                   
<0000000003E65C68>                         Postcondition violated.       Fail
-------------------------------------------------------------------------------
TWR_CALCULATION     compounded_twr @2                                   
<0000000003E65C68>                         Routine failure.              Fail
-------------------------------------------------------------------------------
TWR_CALCULATION     anual_compounded_twr @2
<0000000003E65C68>                         Routine failure.              Fail
-------------------------------------------------------------------------------
EXECUTE             calculate_twr @3                                    
<0000000004E31EF8>                         Routine failure.              Fail
-------------------------------------------------------------------------------
EXECUTE             calculation_output @1                               
<0000000004E31EF8>                         Routine failure.              Fail
-------------------------------------------------------------------------------
EXECUTE             make @3                                             
<0000000004E31EF8>                         Routine failure.              Fail
-------------------------------------------------------------------------------
APPLICATION         make @1                                             
<0000000004B2F338>                         Routine failure.              Fail
-------------------------------------------------------------------------------
APPLICATION         root's creation                                     
<0000000004B2F338>                         Routine failure.              Exit
-------------------------------------------------------------------------------

rio: system execution failed.
Following is the set of recorded exceptions:

-------------------------------------------------------------------------------
Class / Object      Routine                Nature of exception           Effect
-------------------------------------------------------------------------------
TWR_CALCULATION     anual_compounded_twr @7
<0000000003C95C68>                         Postcondition violated.       Fail
-------------------------------------------------------------------------------
TWR_CALCULATION     anual_compounded_twr @7
<0000000003C95C68>                         Routine failure.              Fail
-------------------------------------------------------------------------------
EXECUTE             calculate_twr @3                                    
<0000000004C61EF8>                         Routine failure.              Fail
-------------------------------------------------------------------------------
EXECUTE             calculation_output @1                               
<0000000004C61EF8>                         Routine failure.              Fail
-------------------------------------------------------------------------------
EXECUTE             make @3                                             
<0000000004C61EF8>                         Routine failure.              Fail
-------------------------------------------------------------------------------
APPLICATION         make @1                                             
<000000000495F338>                         Routine failure.              Fail
-------------------------------------------------------------------------------
APPLICATION         root's creation                                     
<000000000495F338>                         Routine failure.              Exit
-------------------------------------------------------------------------------

rio: system execution failed.
Following is the set of recorded exceptions:

-------------------------------------------------------------------------------
Class / Object      Routine                Nature of exception           Effect
-------------------------------------------------------------------------------
TWR_CALCULATION     anual_compounded_twr @7
<0000000003D75C68>                         Postcondition violated.       Fail
-------------------------------------------------------------------------------
TWR_CALCULATION     anual_compounded_twr @7
<0000000003D75C68>                         Routine failure.              Fail
-------------------------------------------------------------------------------
EXECUTE             calculate_twr @3                                    
<0000000004D41EF8>                         Routine failure.              Fail
-------------------------------------------------------------------------------
EXECUTE             calculation_output @1                               
<0000000004D41EF8>                         Routine failure.              Fail
-------------------------------------------------------------------------------
EXECUTE             make @3                                             
<0000000004D41EF8>                         Routine failure.              Fail
-------------------------------------------------------------------------------
APPLICATION         make @1                                             
<0000000004A3F338>                         Routine failure.              Fail
-------------------------------------------------------------------------------
APPLICATION         root's creation                                     
<0000000004A3F338>                         Routine failure.              Exit
-------------------------------------------------------------------------------

rio: system execution failed.
Following is the set of recorded exceptions:

-------------------------------------------------------------------------------
Class / Object      Routine                Nature of exception           Effect
-------------------------------------------------------------------------------
TWR_CALCULATION     anual_compounded_twr @7
<0000000003F35C68>                         Postcondition violated.       Fail
-------------------------------------------------------------------------------
TWR_CALCULATION     anual_compounded_twr @7
<0000000003F35C68>                         Routine failure.              Fail
-------------------------------------------------------------------------------
EXECUTE             calculate_twr @3                                    
<0000000004F01EF8>                         Routine failure.              Fail
-------------------------------------------------------------------------------
EXECUTE             twr_calc_output @1                                  
<0000000004F01EF8>                         Routine failure.              Fail
-------------------------------------------------------------------------------
EXECUTE             make @3                                             
<0000000004F01EF8>                         Routine failure.              Fail
-------------------------------------------------------------------------------
APPLICATION         make @1                                             
<0000000004BFF338>                         Routine failure.              Fail
-------------------------------------------------------------------------------
APPLICATION         root's creation                                     
<0000000004BFF338>                         Routine failure.              Exit
-------------------------------------------------------------------------------

rio: system execution failed.
Following is the set of recorded exceptions:

-------------------------------------------------------------------------------
Class / Object      Routine                Nature of exception           Effect
-------------------------------------------------------------------------------
PF_EVAL_PER         getvalue @2                                         
<0000000004CD0308>                         Postcondition violated.       Fail
-------------------------------------------------------------------------------
PF_EVAL_PER         getvalue @2                                         
<0000000004CD0308>                         Routine failure.              Fail
-------------------------------------------------------------------------------
EXECUTE             calculate_twr @7                                    
<0000000004CD1EF8>                         Routine failure.              Fail
-------------------------------------------------------------------------------
EXECUTE             twr_calc_output @1                                  
<0000000004CD1EF8>                         Routine failure.              Fail
-------------------------------------------------------------------------------
EXECUTE             make @3                                             
<0000000004CD1EF8>                         Routine failure.              Fail
-------------------------------------------------------------------------------
APPLICATION         make @1                                             
<00000000049CF338>                         Routine failure.              Fail
-------------------------------------------------------------------------------
APPLICATION         root's creation                                     
<00000000049CF338>                         Routine failure.              Exit
-------------------------------------------------------------------------------

rio: system execution failed.
Following is the set of recorded exceptions:

-------------------------------------------------------------------------------
Class / Object      Routine                Nature of exception           Effect
-------------------------------------------------------------------------------
PF_EVAL_PER         getvalue @2                                         
<0000000003F29F18>                         Postcondition violated.       Fail
-------------------------------------------------------------------------------
PF_EVAL_PER         getvalue @2                                         
<0000000003F29F18>                         Routine failure.              Fail
-------------------------------------------------------------------------------
EXECUTE             output_part_period @2                               
<0000000003F21D58>                         Routine failure.              Fail
-------------------------------------------------------------------------------
EXECUTE             make @5                                             
<0000000003F21D58>                         Routine failure.              Fail
-------------------------------------------------------------------------------
APPLICATION         make @1                                             
<0000000003F20098>                         Routine failure.              Fail
-------------------------------------------------------------------------------
APPLICATION         root's creation                                     
<0000000003F20098>                         Routine failure.              Exit
-------------------------------------------------------------------------------

rio: system execution failed.
Following is the set of recorded exceptions:

-------------------------------------------------------------------------------
Class / Object      Routine                Nature of exception           Effect
-------------------------------------------------------------------------------
PF_EVAL_PER         getvalue @2                                         
<0000000003F69F18>                         Postcondition violated.       Fail
-------------------------------------------------------------------------------
PF_EVAL_PER         getvalue @2                                         
<0000000003F69F18>                         Routine failure.              Fail
-------------------------------------------------------------------------------
EXECUTE             output_part_period @2                               
<0000000003F61D58>                         Routine failure.              Fail
-------------------------------------------------------------------------------
EXECUTE             make @6                                             
<0000000003F61D58>                         Routine failure.              Fail
-------------------------------------------------------------------------------
APPLICATION         make @1                                             
<0000000003F60098>                         Routine failure.              Fail
-------------------------------------------------------------------------------
APPLICATION         root's creation                                     
<0000000003F60098>                         Routine failure.              Exit
-------------------------------------------------------------------------------

rio: system execution failed.
Following is the set of recorded exceptions:

-------------------------------------------------------------------------------
Class / Object      Routine                Nature of exception           Effect
-------------------------------------------------------------------------------
PF_EVAL_PER         getvalue @2                                         
<0000000003DA9F18>                         Postcondition violated.       Fail
-------------------------------------------------------------------------------
PF_EVAL_PER         getvalue @2                                         
<0000000003DA9F18>                         Routine failure.              Fail
-------------------------------------------------------------------------------
EXECUTE             output_part_period @3                               
<0000000003DA1D58>                         Routine failure.              Fail
-------------------------------------------------------------------------------
EXECUTE             make @6                                             
<0000000003DA1D58>                         Routine failure.              Fail
-------------------------------------------------------------------------------
APPLICATION         make @1                                             
<0000000003DA0098>                         Routine failure.              Fail
-------------------------------------------------------------------------------
APPLICATION         root's creation                                     
<0000000003DA0098>                         Routine failure.              Exit
-------------------------------------------------------------------------------

rio: system execution failed.
Following is the set of recorded exceptions:

-------------------------------------------------------------------------------
Class / Object      Routine                Nature of exception           Effect
-------------------------------------------------------------------------------
PF_EVAL_PER         getvalue @2                                         
<0000000003E99F18>                         Postcondition violated.       Fail
-------------------------------------------------------------------------------
PF_EVAL_PER         getvalue @2                                         
<0000000003E99F18>                         Routine failure.              Fail
-------------------------------------------------------------------------------
EXECUTE             output_part_period @3                               
<0000000003E91D58>                         Routine failure.              Fail
-------------------------------------------------------------------------------
EXECUTE             make @6                                             
<0000000003E91D58>                         Routine failure.              Fail
-------------------------------------------------------------------------------
APPLICATION         make @1                                             
<0000000003E90098>                         Routine failure.              Fail
-------------------------------------------------------------------------------
APPLICATION         root's creation                                     
<0000000003E90098>                         Routine failure.              Exit
-------------------------------------------------------------------------------

rio: system execution failed.
Following is the set of recorded exceptions:

-------------------------------------------------------------------------------
Class / Object      Routine                Nature of exception           Effect
-------------------------------------------------------------------------------
PF_EVAL_PER         getvalue @2                                         
<0000000003E99F18>                         Postcondition violated.       Fail
-------------------------------------------------------------------------------
PF_EVAL_PER         getvalue @2                                         
<0000000003E99F18>                         Routine failure.              Fail
-------------------------------------------------------------------------------
EXECUTE             output_part_period @3                               
<0000000003E91D58>                         Routine failure.              Fail
-------------------------------------------------------------------------------
EXECUTE             make @6                                             
<0000000003E91D58>                         Routine failure.              Fail
-------------------------------------------------------------------------------
APPLICATION         make @1                                             
<0000000003E90098>                         Routine failure.              Fail
-------------------------------------------------------------------------------
APPLICATION         root's creation                                     
<0000000003E90098>                         Routine failure.              Exit
-------------------------------------------------------------------------------

rio: system execution failed.
Following is the set of recorded exceptions:

-------------------------------------------------------------------------------
Class / Object      Routine                Nature of exception           Effect
-------------------------------------------------------------------------------
ARRAYED_LIST        i_th @2                valid_index:                 
<0000000003A222F8>                         Precondition violated.        Fail
-------------------------------------------------------------------------------
EXECUTE             output_whole_period @2                              
<0000000003A20608>                         Routine failure.              Fail
-------------------------------------------------------------------------------
EXECUTE             make @5                                             
<0000000003A20608>                         Routine failure.              Fail
-------------------------------------------------------------------------------
APPLICATION         make @1                                             
<0000000003A205A8>                         Routine failure.              Fail
-------------------------------------------------------------------------------
APPLICATION         root's creation                                     
<0000000003A205A8>                         Routine failure.              Exit
-------------------------------------------------------------------------------

rio: system execution failed.
Following is the set of recorded exceptions:

-------------------------------------------------------------------------------
Class / Object      Routine                Nature of exception           Effect
-------------------------------------------------------------------------------
TWR_CALCULATION     _invariant @3          metadata_evaluation_period_is_in_range_and_valid:
<0000000003DE09B8>                         Class invariant violated.     Fail
-------------------------------------------------------------------------------
TWR_CALCULATION     _invariant                                          
<0000000003DE09B8>                         Routine failure.              Fail
-------------------------------------------------------------------------------
TWR_CALCULATION     make @3                                             
<0000000003DE09B8>                         Routine failure.              Fail
-------------------------------------------------------------------------------
EXECUTE             calculate_twr @3                                    
<0000000003CD0608>                         Routine failure.              Fail
-------------------------------------------------------------------------------
EXECUTE             output_twr @2                                       
<0000000003CD0608>                         Routine failure.              Fail
-------------------------------------------------------------------------------
EXECUTE             make @8                                             
<0000000003CD0608>                         Routine failure.              Fail
-------------------------------------------------------------------------------
APPLICATION         make @1                                             
<0000000003CD05A8>                         Routine failure.              Fail
-------------------------------------------------------------------------------
APPLICATION         root's creation                                     
<0000000003CD05A8>                         Routine failure.              Exit
-------------------------------------------------------------------------------

rio: system execution failed.
Following is the set of recorded exceptions:

-------------------------------------------------------------------------------
Class / Object      Routine                Nature of exception           Effect
-------------------------------------------------------------------------------
PORTFOLIO_DATA      is_valid_portfolio @14                              
<0000000003E30D98>                         Postcondition violated.       Fail
-------------------------------------------------------------------------------
PORTFOLIO_DATA      is_valid_portfolio @14                              
<0000000003E30D98>                         Routine failure.              Fail
-------------------------------------------------------------------------------
EXECUTE             calculate_twr @4                                    
<0000000003E31D68>                         Routine failure.              Fail
-------------------------------------------------------------------------------
EXECUTE             output_twr @2                                       
<0000000003E31D68>                         Routine failure.              Fail
-------------------------------------------------------------------------------
EXECUTE             make @9                                             
<0000000003E31D68>                         Routine failure.              Fail
-------------------------------------------------------------------------------
APPLICATION         make @1                                             
<0000000003E30098>                         Routine failure.              Fail
-------------------------------------------------------------------------------
APPLICATION         root's creation                                     
<0000000003E30098>                         Routine failure.              Exit
-------------------------------------------------------------------------------

rio: system execution failed.
Following is the set of recorded exceptions:

-------------------------------------------------------------------------------
Class / Object      Routine                Nature of exception           Effect
-------------------------------------------------------------------------------
PORTFOLIO_DATA      is_valid_portfolio @14                              
<0000000003B80738>                         Postcondition violated.       Fail
-------------------------------------------------------------------------------
PORTFOLIO_DATA      is_valid_portfolio @14                              
<0000000003B80738>                         Routine failure.              Fail
-------------------------------------------------------------------------------
EXECUTE             calculate_twr @4                                    
<0000000003B80608>                         Routine failure.              Fail
-------------------------------------------------------------------------------
EXECUTE             output_twr @2                                       
<0000000003B80608>                         Routine failure.              Fail
-------------------------------------------------------------------------------
EXECUTE             make @9                                             
<0000000003B80608>                         Routine failure.              Fail
-------------------------------------------------------------------------------
APPLICATION         make @1                                             
<0000000003B805A8>                         Routine failure.              Fail
-------------------------------------------------------------------------------
APPLICATION         root's creation                                     
<0000000003B805A8>                         Routine failure.              Exit
-------------------------------------------------------------------------------

rio: system execution failed.
Following is the set of recorded exceptions:

-------------------------------------------------------------------------------
Class / Object      Routine                Nature of exception           Effect
-------------------------------------------------------------------------------
PORTFOLIO_DATA      is_valid_portfolio @14                              
<0000000003AA0738>                         Postcondition violated.       Fail
-------------------------------------------------------------------------------
PORTFOLIO_DATA      is_valid_portfolio @14                              
<0000000003AA0738>                         Routine failure.              Fail
-------------------------------------------------------------------------------
EXECUTE             calculate_twr @4                                    
<0000000003AA0608>                         Routine failure.              Fail
-------------------------------------------------------------------------------
EXECUTE             output_twr @2                                       
<0000000003AA0608>                         Routine failure.              Fail
-------------------------------------------------------------------------------
EXECUTE             make @9                                             
<0000000003AA0608>                         Routine failure.              Fail
-------------------------------------------------------------------------------
APPLICATION         make @1                                             
<0000000003AA05A8>                         Routine failure.              Fail
-------------------------------------------------------------------------------
APPLICATION         root's creation                                     
<0000000003AA05A8>                         Routine failure.              Exit
-------------------------------------------------------------------------------

rio: system execution failed.
Following is the set of recorded exceptions:

-------------------------------------------------------------------------------
Class / Object      Routine                Nature of exception           Effect
-------------------------------------------------------------------------------
PORTFOLIO_DATA      is_valid_portfolio @14                              
<0000000003B40738>                         Postcondition violated.       Fail
-------------------------------------------------------------------------------
PORTFOLIO_DATA      is_valid_portfolio @14                              
<0000000003B40738>                         Routine failure.              Fail
-------------------------------------------------------------------------------
EXECUTE             calculate_twr @4                                    
<0000000003B40608>                         Routine failure.              Fail
-------------------------------------------------------------------------------
EXECUTE             output_twr @2                                       
<0000000003B40608>                         Routine failure.              Fail
-------------------------------------------------------------------------------
EXECUTE             make @9                                             
<0000000003B40608>                         Routine failure.              Fail
-------------------------------------------------------------------------------
APPLICATION         make @1                                             
<0000000003B405A8>                         Routine failure.              Fail
-------------------------------------------------------------------------------
APPLICATION         root's creation                                     
<0000000003B405A8>                         Routine failure.              Exit
-------------------------------------------------------------------------------

rio: system execution failed.
Following is the set of recorded exceptions:

-------------------------------------------------------------------------------
Class / Object      Routine                Nature of exception           Effect
-------------------------------------------------------------------------------
PORTFOLIO_DATA      is_valid_portfolio @14                              
<00000000038E0738>                         Postcondition violated.       Fail
-------------------------------------------------------------------------------
PORTFOLIO_DATA      is_valid_portfolio @14                              
<00000000038E0738>                         Routine failure.              Fail
-------------------------------------------------------------------------------
EXECUTE             calculate_twr @4                                    
<00000000038E0608>                         Routine failure.              Fail
-------------------------------------------------------------------------------
EXECUTE             output_twr @2                                       
<00000000038E0608>                         Routine failure.              Fail
-------------------------------------------------------------------------------
EXECUTE             make @9                                             
<00000000038E0608>                         Routine failure.              Fail
-------------------------------------------------------------------------------
APPLICATION         make @1                                             
<00000000038E05A8>                         Routine failure.              Fail
-------------------------------------------------------------------------------
APPLICATION         root's creation                                     
<00000000038E05A8>                         Routine failure.              Exit
-------------------------------------------------------------------------------

rio: system execution failed.
Following is the set of recorded exceptions:

-------------------------------------------------------------------------------
Class / Object      Routine                Nature of exception           Effect
-------------------------------------------------------------------------------
ARRAYED_LIST        i_th @2                valid_index:                 
<00000000039F2C58>                         Precondition violated.        Fail
-------------------------------------------------------------------------------
EXECUTE             output_whole_period @2                              
<00000000039F0608>                         Routine failure.              Fail
-------------------------------------------------------------------------------
EXECUTE             make @7                                             
<00000000039F0608>                         Routine failure.              Fail
-------------------------------------------------------------------------------
APPLICATION         make @1                                             
<00000000039F05A8>                         Routine failure.              Fail
-------------------------------------------------------------------------------
APPLICATION         root's creation                                     
<00000000039F05A8>                         Routine failure.              Exit
-------------------------------------------------------------------------------

rio: system execution failed.
Following is the set of recorded exceptions:

-------------------------------------------------------------------------------
Class / Object      Routine                Nature of exception           Effect
-------------------------------------------------------------------------------
ARRAYED_LIST        i_th @2                valid_index:                 
<00000000039D2C58>                         Precondition violated.        Fail
-------------------------------------------------------------------------------
EXECUTE             output_whole_period @2                              
<00000000039D0608>                         Routine failure.              Fail
-------------------------------------------------------------------------------
EXECUTE             make @7                                             
<00000000039D0608>                         Routine failure.              Fail
-------------------------------------------------------------------------------
APPLICATION         make @1                                             
<00000000039D05A8>                         Routine failure.              Fail
-------------------------------------------------------------------------------
APPLICATION         root's creation                                     
<00000000039D05A8>                         Routine failure.              Exit
-------------------------------------------------------------------------------

rio: system execution failed.
Following is the set of recorded exceptions:

-------------------------------------------------------------------------------
Class / Object      Routine                Nature of exception           Effect
-------------------------------------------------------------------------------
ARRAYED_LIST        i_th @2                valid_index:                 
<00000000038F2C58>                         Precondition violated.        Fail
-------------------------------------------------------------------------------
EXECUTE             output_whole_period @2                              
<00000000038F0608>                         Routine failure.              Fail
-------------------------------------------------------------------------------
EXECUTE             make @7                                             
<00000000038F0608>                         Routine failure.              Fail
-------------------------------------------------------------------------------
APPLICATION         make @1                                             
<00000000038F05A8>                         Routine failure.              Fail
-------------------------------------------------------------------------------
APPLICATION         root's creation                                     
<00000000038F05A8>                         Routine failure.              Exit
-------------------------------------------------------------------------------

rio: system execution failed.
Following is the set of recorded exceptions:

-------------------------------------------------------------------------------
Class / Object      Routine                Nature of exception           Effect
-------------------------------------------------------------------------------
ARRAYED_LIST        i_th @2                valid_index:                 
<0000000003932C58>                         Precondition violated.        Fail
-------------------------------------------------------------------------------
EXECUTE             output_whole_period @2                              
<0000000003930608>                         Routine failure.              Fail
-------------------------------------------------------------------------------
EXECUTE             make @7                                             
<0000000003930608>                         Routine failure.              Fail
-------------------------------------------------------------------------------
APPLICATION         make @1                                             
<00000000039305A8>                         Routine failure.              Fail
-------------------------------------------------------------------------------
APPLICATION         root's creation                                     
<00000000039305A8>                         Routine failure.              Exit
-------------------------------------------------------------------------------

rio: system execution failed.
Following is the set of recorded exceptions:

-------------------------------------------------------------------------------
Class / Object      Routine                Nature of exception           Effect
-------------------------------------------------------------------------------
ARRAYED_LIST        i_th @2                valid_index:                 
<0000000003A82C38>                         Precondition violated.        Fail
-------------------------------------------------------------------------------
EXECUTE             output_whole_period @2                              
<0000000003A80608>                         Routine failure.              Fail
-------------------------------------------------------------------------------
EXECUTE             make @7                                             
<0000000003A80608>                         Routine failure.              Fail
-------------------------------------------------------------------------------
APPLICATION         make @1                                             
<0000000003A805A8>                         Routine failure.              Fail
-------------------------------------------------------------------------------
APPLICATION         root's creation                                     
<0000000003A805A8>                         Routine failure.              Exit
-------------------------------------------------------------------------------

rio: system execution failed.
Following is the set of recorded exceptions:

-------------------------------------------------------------------------------
Class / Object      Routine                Nature of exception           Effect
-------------------------------------------------------------------------------
ARRAYED_LIST        i_th @2                valid_index:                 
<00000000039C2C38>                         Precondition violated.        Fail
-------------------------------------------------------------------------------
EXECUTE             output_whole_period @2                              
<00000000039C0608>                         Routine failure.              Fail
-------------------------------------------------------------------------------
EXECUTE             make @7                                             
<00000000039C0608>                         Routine failure.              Fail
-------------------------------------------------------------------------------
APPLICATION         make @1                                             
<00000000039C05A8>                         Routine failure.              Fail
-------------------------------------------------------------------------------
APPLICATION         root's creation                                     
<00000000039C05A8>                         Routine failure.              Exit
-------------------------------------------------------------------------------

rio: system execution failed.
Following is the set of recorded exceptions:

-------------------------------------------------------------------------------
Class / Object      Routine                Nature of exception           Effect
-------------------------------------------------------------------------------
ARRAYED_LIST        i_th @2                valid_index:                 
<0000000003B02C58>                         Precondition violated.        Fail
-------------------------------------------------------------------------------
EXECUTE             output_whole_period @2                              
<0000000003B00608>                         Routine failure.              Fail
-------------------------------------------------------------------------------
EXECUTE             make @7                                             
<0000000003B00608>                         Routine failure.              Fail
-------------------------------------------------------------------------------
APPLICATION         make @1                                             
<0000000003B005A8>                         Routine failure.              Fail
-------------------------------------------------------------------------------
APPLICATION         root's creation                                     
<0000000003B005A8>                         Routine failure.              Exit
-------------------------------------------------------------------------------

rio: system execution failed.
Following is the set of recorded exceptions:

-------------------------------------------------------------------------------
Class / Object      Routine                Nature of exception           Effect
-------------------------------------------------------------------------------
ARRAYED_LIST        i_th @2                valid_index:                 
<0000000003BC2C58>                         Precondition violated.        Fail
-------------------------------------------------------------------------------
EXECUTE             output_whole_period @2                              
<0000000003BC0608>                         Routine failure.              Fail
-------------------------------------------------------------------------------
EXECUTE             make @7                                             
<0000000003BC0608>                         Routine failure.              Fail
-------------------------------------------------------------------------------
APPLICATION         make @1                                             
<0000000003BC05A8>                         Routine failure.              Fail
-------------------------------------------------------------------------------
APPLICATION         root's creation                                     
<0000000003BC05A8>                         Routine failure.              Exit
-------------------------------------------------------------------------------
